\BOOKMARK [0][]{chapter.4}{\376\377\0001\000\040\000I\000n\000t\000r\000o\000d\000u\000c\000t\000i\000o\000n}{}% 1
\BOOKMARK [0][]{chapter.5}{\376\377\0002\000\040\000T\000h\000e\000o\000r\000e\000t\000i\000c\000a\000l\000\040\000B\000a\000c\000k\000g\000r\000o\000u\000n\000d}{}% 2
\BOOKMARK [1][]{section.6}{\376\377\0002\000.\0001\000\040\000R\000e\000i\000n\000f\000o\000r\000c\000e\000m\000e\000n\000t\000\040\000L\000e\000a\000r\000n\000i\000n\000g}{chapter.5}% 3
\BOOKMARK [2][]{subsection.16}{\376\377\0002\000.\0001\000.\0001\000\040\000T\000r\000a\000d\000i\000t\000i\000o\000n\000a\000l\000\040\000M\000e\000t\000h\000o\000d\000s}{section.6}% 4
\BOOKMARK [2][]{subsection.20}{\376\377\0002\000.\0001\000.\0002\000\040\000D\000e\000e\000p\000\040\000R\000e\000i\000n\000f\000o\000r\000c\000e\000m\000e\000n\000t\000\040\000L\000e\000a\000r\000n\000i\000n\000g}{section.6}% 5
\BOOKMARK [2][]{subsection.25}{\376\377\0002\000.\0001\000.\0003\000\040\000D\000i\000s\000t\000r\000i\000b\000u\000t\000i\000o\000n\000a\000l\000\040\000R\000e\000i\000n\000f\000o\000r\000c\000e\000m\000e\000n\000t\000\040\000L\000e\000a\000r\000n\000i\000n\000g}{section.6}% 6
\BOOKMARK [2][]{subsection.30}{\376\377\0002\000.\0001\000.\0004\000\040\000C\000o\000n\000s\000t\000r\000a\000i\000n\000e\000d\000\040\000R\000e\000i\000n\000f\000o\000r\000c\000e\000m\000e\000n\000t\000\040\000L\000e\000a\000r\000n\000i\000n\000g}{section.6}% 7
\BOOKMARK [0][]{chapter.39}{\376\377\0003\000\040\000I\000n\000v\000e\000n\000t\000o\000r\000y\000\040\000M\000a\000n\000a\000g\000e\000m\000e\000n\000t\000\040\000P\000r\000o\000b\000l\000e\000m}{}% 8
\BOOKMARK [1][]{section.40}{\376\377\0003\000.\0001\000\040\000F\000o\000r\000m\000u\000l\000a\000t\000i\000o\000n}{chapter.39}% 9
\BOOKMARK [0][]{chapter.41}{\376\377\0004\000\040\000D\000e\000v\000e\000l\000o\000p\000i\000n\000g\000\040\000t\000h\000e\000\040\000F\000r\000a\000m\000e\000w\000o\000r\000k}{}% 10
\BOOKMARK [0][]{chapter.42}{\376\377\0005\000\040\000D\000i\000s\000t\000r\000i\000b\000u\000t\000i\000o\000n\000a\000l\000\040\000C\000o\000n\000s\000t\000r\000a\000i\000n\000e\000d\000\040\000P\000o\000l\000i\000c\000y\000\040\000\040\000O\000p\000t\000i\000m\000i\000z\000a\000t\000i\000o\000n}{}% 11
\BOOKMARK [1][]{section.43}{\376\377\0005\000.\0001\000\040\000D\000i\000s\000t\000r\000i\000b\000u\000t\000i\000o\000n\000a\000l\000\040\000V\000a\000l\000u\000e\000\040\000F\000u\000n\000c\000t\000i\000o\000n\000\040\000a\000n\000d\000\040\000S\000a\000f\000e\000t\000y\000\040\000B\000a\000s\000e\000l\000i\000n\000e}{chapter.42}% 12
\BOOKMARK [1][]{section.44}{\376\377\0005\000.\0002\000\040\000C\000o\000s\000t\000\040\000R\000e\000s\000h\000a\000p\000i\000n\000g}{chapter.42}% 13
\BOOKMARK [1][]{section.50}{\376\377\0005\000.\0003\000\040\000F\000r\000o\000m\000\040\000P\000r\000o\000g\000r\000e\000s\000s\000\040\000R\000e\000p\000o\000r\000t\000.\000.\000.}{chapter.42}% 14
\BOOKMARK [0][]{chapter.51}{\376\377\0006\000\040\000E\000v\000a\000l\000u\000a\000t\000i\000o\000n}{}% 15
\BOOKMARK [1][]{section.52}{\376\377\0006\000.\0001\000\040\000D\000i\000s\000t\000r\000i\000b\000u\000t\000i\000o\000n\000a\000l\000\040\000C\000o\000n\000s\000t\000r\000a\000i\000n\000e\000d\000\040\000P\000o\000l\000i\000c\000y\000\040\000O\000p\000t\000i\000m\000i\000z\000a\000t\000i\000o\000n}{chapter.51}% 16
\BOOKMARK [2][]{subsection.53}{\376\377\0006\000.\0001\000.\0001\000\040\000T\000h\000e\000\040\000E\000f\000f\000e\000c\000t\000\040\000o\000f\000\040\000N}{section.52}% 17
\BOOKMARK [2][]{subsection.54}{\376\377\0006\000.\0001\000.\0002\000\040\000T\000h\000e\000\040\000E\000f\000f\000e\000c\000t\000\040\000o\000f\000\040}{section.52}% 18
\BOOKMARK [2][]{subsection.55}{\376\377\0006\000.\0001\000.\0003\000\040\000A\000b\000l\000a\000t\000i\000o\000n\000\040\000o\000f\000\040\000C\000o\000s\000t\000\040\000R\000e\000s\000h\000a\000p\000i\000n\000g}{section.52}% 19
\BOOKMARK [1][]{section.56}{\376\377\0006\000.\0002\000\040\000P\000e\000r\000f\000o\000r\000m\000a\000n\000c\000e\000\040\000A\000g\000a\000i\000n\000s\000t\000\040\000S\000t\000a\000t\000e\000-\000o\000f\000-\000t\000h\000e\000-\000A\000r\000t\000\040\000A\000l\000g\000o\000r\000i\000t\000h\000m\000s}{chapter.51}% 20
\BOOKMARK [0][]{chapter.57}{\376\377\0007\000\040\000C\000o\000n\000c\000l\000u\000s\000i\000o\000n}{}% 21
\BOOKMARK [1][]{section.58}{\376\377\0007\000.\0001\000\040\000F\000u\000t\000u\000r\000e\000\040\000W\000o\000r\000k}{chapter.57}% 22
